9/23/2007, 1:20:23 AM, 4, 0, E:\bmt project1\report\DATA TRANSAKSI JURNAL.rpt:A date-time is required here.
9/23/2007, 1:21:49 AM, 4, 0, E:\bmt project1\report\DATA TRANSAKSI JURNAL.rpt:This field name is not known.
9/23/2007, 1:22:49 AM, 4, 0, E:\bmt project1\report\DATA TRANSAKSI JURNAL.rpt:This field name is not known.
9/23/2007, 1:27:07 AM, 4, 0, E:\bmt project1\report\DATA TRANSAKSI JURNAL.rpt:A date-time is required here.
9/23/2007, 2:23:51 AM, 4, 0, E:\bmt project1\report\DATA TRANSAKSI JURNAL.rpt:This field name is not known.
9/23/2007, 2:52:46 AM, 4, 0, E:\bmt project1\report\DATA TRANSAKSI JURNAL.rpt:Error detected by database DLL.
9/24/2007, 4:37:18 AM, 4, 0, E:\bmt project1\report\SALDO AKUN.rpt:Server has not yet been opened.
9/24/2007, 4:37:40 AM, 4, 0, E:\bmt project1\report\SALDO AKUN.rpt:Server has not yet been opened.
9/24/2007, 4:38:57 AM, 4, 0, E:\bmt project1\report\SALDO AKUN.rpt:Server has not yet been opened.
9/24/2007, 4:43:59 AM, 4, 0, E:\bmt project1\report\SALDO AKUN.rpt:Server has not yet been opened.
9/24/2007, 4:46:37 AM, 4, 0, E:\bmt project1\report\SALDO AKUN.rpt:Server has not yet been opened.
9/24/2007, 4:47:08 AM, 4, 0, E:\bmt project1\report\DATA TRANSAKSI JURNAL.rpt:Server has not yet been opened.
9/24/2007, 4:47:47 AM, 4, 0, E:\bmt project1\report\DATA TRANSAKSI JURNAL.rpt:Server has not yet been opened.
9/24/2007, 4:50:00 AM, 4, 0, E:\bmt project1\report\SALDO AKUN.rpt:Server has not yet been opened.
9/24/2007, 4:50:47 AM, 4, 0, E:\bmt project1\report\DATA TRANSAKSI JURNAL.rpt:Server has not yet been opened.
9/24/2007, 5:06:03 AM, 4, 0, E:\bmt project1\report\SALDO AKUN.rpt:Server has not yet been opened.
9/24/2007, 5:11:35 AM, 4, 0, E:\bmt project1\report\SALDO AKUN.rpt:Server has not yet been opened.
9/24/2007, 5:13:57 AM, 4, 0, E:\bmt project1\report\SALDO AKUN.rpt:Server has not yet been opened.
9/24/2007, 5:15:14 AM, 4, 0, E:\bmt project1\report\SALDO AKUN.rpt:Server has not yet been opened.
9/24/2007, 5:18:01 AM, 4, 0, E:\bmt project1\report\SALDO AKUN.rpt:Server has not yet been opened.
9/24/2007, 10:45:56 AM, 4, 0, E:\bmt project1\report\SALDO AKUN.rpt:Server has not yet been opened.
9/24/2007, 11:01:05 AM, 4, 0, E:\bmt project1\report\BUKU BESAR.rpt:Server has not yet been opened.
9/28/2007, 4:28:59 AM, 4, 0, :File not found.
9/28/2007, 4:29:18 AM, 4, 0, :File not found.
9/28/2007, 4:32:34 AM, 4, 0, :Invalid directory.
9/28/2007, 4:32:34 AM, 4, 0, :Invalid directory.
9/28/2007, 4:32:42 AM, 4, 0, :Invalid directory.
10/6/2007, 6:47:27 PM, 4, 0, C:\Program Files\WaynhSoft\laporan neraca2.rpt:Server has not yet been opened.
10/06/07, 20:07:55, 4, 0, C:\Program Files\WaynhSoft\laporan neraca2.rpt:Server has not yet been opened.
10/10/2007, 3:06:40 AM, 4, 0, C:\Program Files\WaynhSoft\laporan rugi laba.rpt:This field name is not known.
10/10/2007, 3:07:24 AM, 4, 0, C:\Program Files\WaynhSoft\laporan rugi laba.rpt:This field name is not known.
02/07/2008, 11:49:40 AM, 4, 0, :File not found.
02/07/2008, 11:49:40 AM, 4, 0, :File not found.
02/07/2008, 11:49:48 AM, 4, 0, :File not found.
02/21/2008, 06:51:06 AM, 4, 0, :File not found.
02/21/2008, 06:51:06 AM, 4, 0, :File not found.
02/21/2008, 06:52:30 AM, 4, 0, :File not found.
02/21/2008, 06:52:30 AM, 4, 0, :File not found.
02/21/2008, 06:53:05 AM, 4, 0, :File not found.
02/21/2008, 06:53:05 AM, 4, 0, :File not found.
02/21/2008, 06:53:09 AM, 4, 0, :File not found.
02/21/2008, 06:53:35 AM, 4, 0, :File not found.
02/21/2008, 06:54:13 AM, 4, 0, :File not found.
02/21/2008, 06:54:16 AM, 4, 0, :File not found.
02/21/2008, 06:55:26 AM, 4, 0, C:\Documents and Settings\wahyu\My Documents\waynh project\vb project\bmt project1\laporan neraca2.rpt:Server has not yet been opened.
02/21/2008, 06:58:51 AM, 4, 0, C:\Documents and Settings\wahyu\My Documents\waynh project\vb project\bmt project1\laporan rugi laba.rpt:This field name is not known.
02/21/2008, 06:59:08 AM, 4, 0, C:\Documents and Settings\wahyu\My Documents\waynh project\vb project\bmt project1\laporan rugi laba.rpt:This field name is not known.
02/21/2008, 07:00:16 AM, 4, 0, C:\Documents and Settings\wahyu\My Documents\waynh project\vb project\bmt project1\laporan rugi laba.rpt:This field name is not known.
02/21/2008, 07:02:01 AM, 4, 0, C:\Documents and Settings\wahyu\My Documents\waynh project\vb project\bmt project1\laporan rugi laba.rpt:This field name is not known.
02/21/2008, 07:02:28 AM, 4, 0, C:\Documents and Settings\wahyu\My Documents\waynh project\vb project\bmt project1\laporan rugi laba.rpt:This field name is not known.
02/21/2008, 07:02:55 AM, 4, 0, C:\Documents and Settings\wahyu\My Documents\waynh project\vb project\bmt project1\laporan rugi laba.rpt:This field name is not known.
02/25/08, 10:15:31, 4, 0, :File not found.
02/25/08, 10:15:31, 4, 0, :File not found.
02/25/08, 10:15:39, 4, 0, :File not found.
06/05/08, 15:11:43, 4, 0, C:\waynh\source code- WaynhSoft\sdh jadi\bmt project1\laporan rugi laba.rpt:Server has not yet been opened.
06/05/08, 15:12:50, 4, 0, C:\waynh\source code- WaynhSoft\sdh jadi\bmt project1\laporan neraca2.rpt:Server has not yet been opened.
10/14/08, 22:57:16, 4, 0, C:\WaynhSoft\source code- WaynhSoft\sdh jadi\bmt project1\laporan neraca2.rpt:Server has not yet been opened.
10/20/08, 13:21:53, 4, 0, C:\WaynhSoft\source code- WaynhSoft\sdh jadi\bmt project1\laporan neraca2.rpt:Server has not yet been opened.
10/20/08, 13:22:39, 4, 0, C:\WaynhSoft\source code- WaynhSoft\sdh jadi\bmt project1\laporan neraca2.rpt:Server has not yet been opened.
09/04/14, 21:26:52, 4, 0, F:\work\kerjaan\bmt project1\bmt project1\laporan neraca2.rpt:Server has not yet been opened.
